This file contains any messages produced by compilers while
running configure, to aid debugging if configure makes a mistake.

It was created by ncdu configure 1.18, which was
generated by GNU Autoconf 2.71.  Invocation command line was

  $ ./configure

## --------- ##
## Platform. ##
## --------- ##

hostname = christiangrey
uname -m = x86_64
uname -r = 5.15.90.1-microsoft-standard-WSL2
uname -s = Linux
uname -v = #1 SMP Fri Jan 27 02:56:13 UTC 2023

/usr/bin/uname -p = unknown
/bin/uname -X     = unknown

/bin/arch              = x86_64
/usr/bin/arch -k       = unknown
/usr/convex/getsysinfo = unknown
/usr/bin/hostinfo      = unknown
/bin/machine           = unknown
/usr/bin/oslevel       = unknown
/bin/universe          = unknown

PATH: /usr/local/sbin/
PATH: /usr/local/bin/
PATH: /usr/sbin/
PATH: /usr/bin/
PATH: /sbin/
PATH: /bin/
PATH: /usr/games/
PATH: /usr/local/games/
PATH: /usr/lib/wsl/lib/
PATH: /mnt/c/Program Files (x86)/Embarcadero/Studio/21.0/bin/
PATH: /mnt/c/Users/Public/Documents/Embarcadero/Studio/21.0/Bpl/
PATH: /mnt/c/Program Files (x86)/Embarcadero/Studio/21.0/bin64/
PATH: /mnt/c/Users/Public/Documents/Embarcadero/Studio/21.0/Bpl/Win64/
PATH: /mnt/c/Program Files/Eclipse Adoptium/jdk-11.0.18.10-hotspot/bin/
PATH: /mnt/c/Program Files (x86)/Embarcadero/Studio/22.0/bin/
PATH: /mnt/c/Users/Public/Documents/Embarcadero/Studio/22.0/Bpl/
PATH: /mnt/c/Program Files (x86)/Embarcadero/Studio/22.0/bin64/
PATH: /mnt/c/Users/Public/Documents/Embarcadero/Studio/22.0/Bpl/Win64/
PATH: /mnt/c/Windows/system32/
PATH: /mnt/c/Windows/
PATH: /mnt/c/Windows/System32/Wbem/
PATH: /mnt/c/Windows/System32/WindowsPowerShell/v1.0/
PATH: /mnt/c/Windows/System32/OpenSSH/
PATH: /mnt/c/Program Files/gsudo/Current/
PATH: /mnt/c/Program Files/CMake/bin/
PATH: /mnt/c/ProgramData/chocolatey/bin/
PATH: /mnt/c/Program Files (x86)/Windows Kits/10/Windows Performance Toolkit/
PATH: /mnt/c/Program Files/WindowsPowerShell/Scripts/
PATH: /mnt/c/WINDOWS/system32/
PATH: /mnt/c/WINDOWS/
PATH: /mnt/c/WINDOWS/System32/Wbem/
PATH: /mnt/c/WINDOWS/System32/WindowsPowerShell/v1.0/
PATH: /mnt/c/WINDOWS/System32/OpenSSH/
PATH: /mnt/c/Users/Pippi/scoop/apps/elixir/current/bin/
PATH: /mnt/c/Users/Pippi/scoop/apps/python/current/Scripts/
PATH: /mnt/c/Users/Pippi/scoop/apps/python/current/
PATH: /mnt/c/Users/Pippi/scoop/apps/nodejs/current/bin/
PATH: /mnt/c/Users/Pippi/scoop/apps/nodejs/current/
PATH: /mnt/c/Users/Pippi/scoop/apps/vscode/current/bin/
PATH: /mnt/c/Users/Pippi/scoop/shims/
PATH: /mnt/c/Users/Pippi/AppData/Local/Microsoft/WindowsApps/


## ----------- ##
## Core tests. ##
## ----------- ##

configure:2565: looking for aux files: compile missing install-sh
configure:2578:  trying ./
configure:2607:   ./compile found
configure:2607:   ./missing found
configure:2589:   ./install-sh found
configure:2739: checking for a BSD-compatible install
configure:2812: result: /usr/bin/install -c
configure:2823: checking whether build environment is sane
configure:2878: result: yes
configure:3037: checking for a race-free mkdir -p
configure:3081: result: /usr/bin/mkdir -p
configure:3088: checking for gawk
configure:3109: found /usr/bin/gawk
configure:3120: result: gawk
configure:3131: checking whether make sets $(MAKE)
configure:3154: result: yes
configure:3184: checking whether make supports nested variables
configure:3202: result: yes
configure:3353: checking whether make supports the include directive
configure:3368: make -f confmf.GNU && cat confinc.out
this is the am__doit target
configure:3371: $? = 0
configure:3390: result: yes (GNU style)
configure:3466: checking for gcc
configure:3487: found /usr/bin/gcc
configure:3498: result: gcc
configure:3851: checking for C compiler version
configure:3860: gcc --version >&5
gcc (Debian 12.2.0-14) 12.2.0
Copyright (C) 2022 Free Software Foundation, Inc.
This is free software; see the source for copying conditions.  There is NO
warranty; not even for MERCHANTABILITY or FITNESS FOR A PARTICULAR PURPOSE.

configure:3871: $? = 0
configure:3860: gcc -v >&5
Using built-in specs.
COLLECT_GCC=gcc
COLLECT_LTO_WRAPPER=/usr/lib/gcc/x86_64-linux-gnu/12/lto-wrapper
OFFLOAD_TARGET_NAMES=nvptx-none:amdgcn-amdhsa
OFFLOAD_TARGET_DEFAULT=1
Target: x86_64-linux-gnu
Configured with: ../src/configure -v --with-pkgversion='Debian 12.2.0-14' --with-bugurl=file:///usr/share/doc/gcc-12/README.Bugs --enable-languages=c,ada,c++,go,d,fortran,objc,obj-c++,m2 --prefix=/usr --with-gcc-major-version-only --program-suffix=-12 --program-prefix=x86_64-linux-gnu- --enable-shared --enable-linker-build-id --libexecdir=/usr/lib --without-included-gettext --enable-threads=posix --libdir=/usr/lib --enable-nls --enable-clocale=gnu --enable-libstdcxx-debug --enable-libstdcxx-time=yes --with-default-libstdcxx-abi=new --enable-gnu-unique-object --disable-vtable-verify --enable-plugin --enable-default-pie --with-system-zlib --enable-libphobos-checking=release --with-target-system-zlib=auto --enable-objc-gc=auto --enable-multiarch --disable-werror --enable-cet --with-arch-32=i686 --with-abi=m64 --with-multilib-list=m32,m64,mx32 --enable-multilib --with-tune=generic --enable-offload-targets=nvptx-none=/build/gcc-12-bTRWOB/gcc-12-12.2.0/debian/tmp-nvptx/usr,amdgcn-amdhsa=/build/gcc-12-bTRWOB/gcc-12-12.2.0/debian/tmp-gcn/usr --enable-offload-defaulted --without-cuda-driver --enable-checking=release --build=x86_64-linux-gnu --host=x86_64-linux-gnu --target=x86_64-linux-gnu
Thread model: posix
Supported LTO compression algorithms: zlib zstd
gcc version 12.2.0 (Debian 12.2.0-14) 
... rest of stderr output deleted ...
configure:3871: $? = 0
configure:3860: gcc -V >&5
gcc: error: unrecognized command-line option '-V'
gcc: fatal error: no input files
compilation terminated.
configure:3871: $? = 1
configure:3860: gcc -qversion >&5
gcc: error: unrecognized command-line option '-qversion'; did you mean '--version'?
gcc: fatal error: no input files
compilation terminated.
configure:3871: $? = 1
configure:3860: gcc -version >&5
gcc: error: unrecognized command-line option '-version'
gcc: fatal error: no input files
compilation terminated.
configure:3871: $? = 1
configure:3891: checking whether the C compiler works
configure:3913: gcc    conftest.c  >&5
configure:3917: $? = 0
configure:3967: result: yes
configure:3970: checking for C compiler default output file name
configure:3972: result: a.out
configure:3978: checking for suffix of executables
configure:3985: gcc -o conftest    conftest.c  >&5
configure:3989: $? = 0
configure:4012: result: 
configure:4034: checking whether we are cross compiling
configure:4042: gcc -o conftest    conftest.c  >&5
configure:4046: $? = 0
configure:4053: ./conftest
configure:4057: $? = 0
configure:4072: result: no
configure:4077: checking for suffix of object files
configure:4100: gcc -c   conftest.c >&5
configure:4104: $? = 0
configure:4126: result: o
configure:4130: checking whether the compiler supports GNU C
configure:4150: gcc -c   conftest.c >&5
configure:4150: $? = 0
configure:4160: result: yes
configure:4171: checking whether gcc accepts -g
configure:4192: gcc -c -g  conftest.c >&5
configure:4192: $? = 0
configure:4236: result: yes
configure:4256: checking for gcc option to enable C11 features
configure:4271: gcc  -c -g -O2  conftest.c >&5
configure:4271: $? = 0
configure:4289: result: none needed
configure:4405: checking whether gcc understands -c and -o together
configure:4428: gcc -c conftest.c -o conftest2.o
configure:4431: $? = 0
configure:4428: gcc -c conftest.c -o conftest2.o
configure:4431: $? = 0
configure:4443: result: yes
configure:4462: checking dependency style of gcc
configure:4574: result: gcc3
configure:4594: checking for stdio.h
configure:4594: gcc -c -g -O2  conftest.c >&5
configure:4594: $? = 0
configure:4594: result: yes
configure:4594: checking for stdlib.h
configure:4594: gcc -c -g -O2  conftest.c >&5
configure:4594: $? = 0
configure:4594: result: yes
configure:4594: checking for string.h
configure:4594: gcc -c -g -O2  conftest.c >&5
configure:4594: $? = 0
configure:4594: result: yes
configure:4594: checking for inttypes.h
configure:4594: gcc -c -g -O2  conftest.c >&5
configure:4594: $? = 0
configure:4594: result: yes
configure:4594: checking for stdint.h
configure:4594: gcc -c -g -O2  conftest.c >&5
configure:4594: $? = 0
configure:4594: result: yes
configure:4594: checking for strings.h
configure:4594: gcc -c -g -O2  conftest.c >&5
configure:4594: $? = 0
configure:4594: result: yes
configure:4594: checking for sys/stat.h
configure:4594: gcc -c -g -O2  conftest.c >&5
configure:4594: $? = 0
configure:4594: result: yes
configure:4594: checking for sys/types.h
configure:4594: gcc -c -g -O2  conftest.c >&5
configure:4594: $? = 0
configure:4594: result: yes
configure:4594: checking for unistd.h
configure:4594: gcc -c -g -O2  conftest.c >&5
configure:4594: $? = 0
configure:4594: result: yes
configure:4594: checking for wchar.h
configure:4594: gcc -c -g -O2  conftest.c >&5
configure:4594: $? = 0
configure:4594: result: yes
configure:4594: checking for minix/config.h
configure:4594: gcc -c -g -O2  conftest.c >&5
conftest.c:49:10: fatal error: minix/config.h: No such file or directory
   49 | #include <minix/config.h>
      |          ^~~~~~~~~~~~~~~~
compilation terminated.
configure:4594: $? = 1
configure: failed program was:
| /* confdefs.h */
| #define PACKAGE_NAME "ncdu"
| #define PACKAGE_TARNAME "ncdu"
| #define PACKAGE_VERSION "1.18"
| #define PACKAGE_STRING "ncdu 1.18"
| #define PACKAGE_BUGREPORT "projects@yorhel.nl"
| #define PACKAGE_URL ""
| #define PACKAGE "ncdu"
| #define VERSION "1.18"
| #define HAVE_STDIO_H 1
| #define HAVE_STDLIB_H 1
| #define HAVE_STRING_H 1
| #define HAVE_INTTYPES_H 1
| #define HAVE_STDINT_H 1
| #define HAVE_STRINGS_H 1
| #define HAVE_SYS_STAT_H 1
| #define HAVE_SYS_TYPES_H 1
| #define HAVE_UNISTD_H 1
| #define HAVE_WCHAR_H 1
| /* end confdefs.h.  */
| #include <stddef.h>
| #ifdef HAVE_STDIO_H
| # include <stdio.h>
| #endif
| #ifdef HAVE_STDLIB_H
| # include <stdlib.h>
| #endif
| #ifdef HAVE_STRING_H
| # include <string.h>
| #endif
| #ifdef HAVE_INTTYPES_H
| # include <inttypes.h>
| #endif
| #ifdef HAVE_STDINT_H
| # include <stdint.h>
| #endif
| #ifdef HAVE_STRINGS_H
| # include <strings.h>
| #endif
| #ifdef HAVE_SYS_TYPES_H
| # include <sys/types.h>
| #endif
| #ifdef HAVE_SYS_STAT_H
| # include <sys/stat.h>
| #endif
| #ifdef HAVE_UNISTD_H
| # include <unistd.h>
| #endif
| #include <minix/config.h>
configure:4594: result: no
configure:4625: checking whether it is safe to define __EXTENSIONS__
configure:4644: gcc -c -g -O2  conftest.c >&5
configure:4644: $? = 0
configure:4652: result: yes
configure:4655: checking whether _XOPEN_SOURCE should be defined
configure:4677: gcc -c -g -O2  conftest.c >&5
configure:4677: $? = 0
configure:4704: result: no
configure:4813: checking for gcc
configure:4845: result: gcc
configure:5198: checking for C compiler version
configure:5207: gcc --version >&5
gcc (Debian 12.2.0-14) 12.2.0
Copyright (C) 2022 Free Software Foundation, Inc.
This is free software; see the source for copying conditions.  There is NO
warranty; not even for MERCHANTABILITY or FITNESS FOR A PARTICULAR PURPOSE.

configure:5218: $? = 0
configure:5207: gcc -v >&5
Using built-in specs.
COLLECT_GCC=gcc
COLLECT_LTO_WRAPPER=/usr/lib/gcc/x86_64-linux-gnu/12/lto-wrapper
OFFLOAD_TARGET_NAMES=nvptx-none:amdgcn-amdhsa
OFFLOAD_TARGET_DEFAULT=1
Target: x86_64-linux-gnu
Configured with: ../src/configure -v --with-pkgversion='Debian 12.2.0-14' --with-bugurl=file:///usr/share/doc/gcc-12/README.Bugs --enable-languages=c,ada,c++,go,d,fortran,objc,obj-c++,m2 --prefix=/usr --with-gcc-major-version-only --program-suffix=-12 --program-prefix=x86_64-linux-gnu- --enable-shared --enable-linker-build-id --libexecdir=/usr/lib --without-included-gettext --enable-threads=posix --libdir=/usr/lib --enable-nls --enable-clocale=gnu --enable-libstdcxx-debug --enable-libstdcxx-time=yes --with-default-libstdcxx-abi=new --enable-gnu-unique-object --disable-vtable-verify --enable-plugin --enable-default-pie --with-system-zlib --enable-libphobos-checking=release --with-target-system-zlib=auto --enable-objc-gc=auto --enable-multiarch --disable-werror --enable-cet --with-arch-32=i686 --with-abi=m64 --with-multilib-list=m32,m64,mx32 --enable-multilib --with-tune=generic --enable-offload-targets=nvptx-none=/build/gcc-12-bTRWOB/gcc-12-12.2.0/debian/tmp-nvptx/usr,amdgcn-amdhsa=/build/gcc-12-bTRWOB/gcc-12-12.2.0/debian/tmp-gcn/usr --enable-offload-defaulted --without-cuda-driver --enable-checking=release --build=x86_64-linux-gnu --host=x86_64-linux-gnu --target=x86_64-linux-gnu
Thread model: posix
Supported LTO compression algorithms: zlib zstd
gcc version 12.2.0 (Debian 12.2.0-14) 
... rest of stderr output deleted ...
configure:5218: $? = 0
configure:5207: gcc -V >&5
gcc: error: unrecognized command-line option '-V'
gcc: fatal error: no input files
compilation terminated.
configure:5218: $? = 1
configure:5207: gcc -qversion >&5
gcc: error: unrecognized command-line option '-qversion'; did you mean '--version'?
gcc: fatal error: no input files
compilation terminated.
configure:5218: $? = 1
configure:5207: gcc -version >&5
gcc: error: unrecognized command-line option '-version'
gcc: fatal error: no input files
compilation terminated.
configure:5218: $? = 1
configure:5222: checking whether the compiler supports GNU C
configure:5252: result: yes
configure:5263: checking whether gcc accepts -g
configure:5328: result: yes
configure:5348: checking for gcc option to enable C11 features
configure:5381: result: none needed
configure:5497: checking whether gcc understands -c and -o together
configure:5535: result: yes
configure:5554: checking dependency style of gcc
configure:5666: result: gcc3
configure:5730: checking for ranlib
configure:5751: found /usr/bin/ranlib
configure:5762: result: ranlib
configure:5843: checking for pkg-config
configure:5866: found /usr/bin/pkg-config
configure:5878: result: /usr/bin/pkg-config
configure:5903: checking pkg-config is at least version 0.9.0
configure:5906: result: yes
configure:5919: checking for limits.h
configure:5919: gcc -c -g -O2  conftest.c >&5
configure:5919: $? = 0
configure:5919: result: yes
configure:5919: checking for sys/time.h
configure:5919: gcc -c -g -O2  conftest.c >&5
configure:5919: $? = 0
configure:5919: result: yes
configure:5919: checking for sys/types.h
configure:5919: result: yes
configure:5919: checking for sys/stat.h
configure:5919: result: yes
configure:5919: checking for dirent.h
configure:5919: gcc -c -g -O2  conftest.c >&5
configure:5919: $? = 0
configure:5919: result: yes
configure:5919: checking for unistd.h
configure:5919: result: yes
configure:5919: checking for fnmatch.h
configure:5919: gcc -c -g -O2  conftest.c >&5
configure:5919: $? = 0
configure:5919: result: yes
configure:5919: checking for ncurses.h
configure:5919: gcc -c -g -O2  conftest.c >&5
configure:5919: $? = 0
configure:5919: result: yes
configure:5932: checking for locale.h
configure:5932: gcc -c -g -O2  conftest.c >&5
configure:5932: $? = 0
configure:5932: result: yes
configure:5938: checking for sys/statfs.h
configure:5938: gcc -c -g -O2  conftest.c >&5
configure:5938: $? = 0
configure:5938: result: yes
configure:5944: checking for linux/magic.h
configure:5944: gcc -c -g -O2  conftest.c >&5
configure:5944: $? = 0
configure:5944: result: yes
configure:5953: checking for int64_t
configure:5953: gcc -c -g -O2  conftest.c >&5
configure:5953: $? = 0
configure:5953: gcc -c -g -O2  conftest.c >&5
conftest.c: In function 'main':
conftest.c:82:67: warning: integer overflow in expression of type 'long int' results in '-9223372036854775808' [-Woverflow]
   82 |                  < (int64_t) (((((int64_t) 1 << N) << N) - 1) * 2 + 2))];
      |                                                                   ^
conftest.c:81:12: error: storage size of 'test_array' isn't constant
   81 | static int test_array [1 - 2 * !((int64_t) (((((int64_t) 1 << N) << N) - 1) * 2 + 1)
      |            ^~~~~~~~~~
configure:5953: $? = 1
configure: failed program was:
| /* confdefs.h */
| #define PACKAGE_NAME "ncdu"
| #define PACKAGE_TARNAME "ncdu"
| #define PACKAGE_VERSION "1.18"
| #define PACKAGE_STRING "ncdu 1.18"
| #define PACKAGE_BUGREPORT "projects@yorhel.nl"
| #define PACKAGE_URL ""
| #define PACKAGE "ncdu"
| #define VERSION "1.18"
| #define HAVE_STDIO_H 1
| #define HAVE_STDLIB_H 1
| #define HAVE_STRING_H 1
| #define HAVE_INTTYPES_H 1
| #define HAVE_STDINT_H 1
| #define HAVE_STRINGS_H 1
| #define HAVE_SYS_STAT_H 1
| #define HAVE_SYS_TYPES_H 1
| #define HAVE_UNISTD_H 1
| #define HAVE_WCHAR_H 1
| #define STDC_HEADERS 1
| #define _ALL_SOURCE 1
| #define _DARWIN_C_SOURCE 1
| #define _GNU_SOURCE 1
| #define _HPUX_ALT_XOPEN_SOCKET_API 1
| #define _NETBSD_SOURCE 1
| #define _OPENBSD_SOURCE 1
| #define _POSIX_PTHREAD_SEMANTICS 1
| #define __STDC_WANT_IEC_60559_ATTRIBS_EXT__ 1
| #define __STDC_WANT_IEC_60559_BFP_EXT__ 1
| #define __STDC_WANT_IEC_60559_DFP_EXT__ 1
| #define __STDC_WANT_IEC_60559_FUNCS_EXT__ 1
| #define __STDC_WANT_IEC_60559_TYPES_EXT__ 1
| #define __STDC_WANT_LIB_EXT2__ 1
| #define __STDC_WANT_MATH_SPEC_FUNCS__ 1
| #define _TANDEM_SOURCE 1
| #define __EXTENSIONS__ 1
| #define HAVE_LIMITS_H 1
| #define HAVE_SYS_TIME_H 1
| #define HAVE_SYS_TYPES_H 1
| #define HAVE_SYS_STAT_H 1
| #define HAVE_DIRENT_H 1
| #define HAVE_UNISTD_H 1
| #define HAVE_FNMATCH_H 1
| #define HAVE_NCURSES_H 1
| #define HAVE_LOCALE_H 1
| #define HAVE_SYS_STATFS_H 1
| #define HAVE_LINUX_MAGIC_H 1
| /* end confdefs.h.  */
| #include <stddef.h>
| #ifdef HAVE_STDIO_H
| # include <stdio.h>
| #endif
| #ifdef HAVE_STDLIB_H
| # include <stdlib.h>
| #endif
| #ifdef HAVE_STRING_H
| # include <string.h>
| #endif
| #ifdef HAVE_INTTYPES_H
| # include <inttypes.h>
| #endif
| #ifdef HAVE_STDINT_H
| # include <stdint.h>
| #endif
| #ifdef HAVE_STRINGS_H
| # include <strings.h>
| #endif
| #ifdef HAVE_SYS_TYPES_H
| # include <sys/types.h>
| #endif
| #ifdef HAVE_SYS_STAT_H
| # include <sys/stat.h>
| #endif
| #ifdef HAVE_UNISTD_H
| # include <unistd.h>
| #endif
| 	        enum { N = 64 / 2 - 1 };
| int
| main (void)
| {
| static int test_array [1 - 2 * !((int64_t) (((((int64_t) 1 << N) << N) - 1) * 2 + 1)
| 		 < (int64_t) (((((int64_t) 1 << N) << N) - 1) * 2 + 2))];
| test_array [0] = 0;
| return test_array [0];
| 
|   ;
|   return 0;
| }
configure:5953: result: yes
configure:5962: checking for uint64_t
configure:5962: gcc -c -g -O2  conftest.c >&5
configure:5962: $? = 0
configure:5962: result: yes
configure:5982: checking for special C compiler options needed for large files
configure:6030: result: no
configure:6036: checking for _FILE_OFFSET_BITS value needed for large files
configure:6062: gcc -c -g -O2  conftest.c >&5
configure:6062: $? = 0
configure:6096: result: no
configure:6178: checking for struct stat.st_blocks
configure:6178: gcc -c -g -O2  conftest.c >&5
configure:6178: $? = 0
configure:6178: result: yes
configure:6197: checking for inline
configure:6214: gcc -c -g -O2  conftest.c >&5
configure:6214: $? = 0
configure:6223: result: inline
configure:6242: checking for flexible array members
configure:6266: gcc -c -g -O2  conftest.c >&5
configure:6266: $? = 0
configure:6274: result: yes
configure:6291: checking for getcwd
configure:6291: gcc -o conftest -g -O2   conftest.c  >&5
configure:6291: $? = 0
configure:6291: result: yes
configure:6291: checking for gettimeofday
configure:6291: gcc -o conftest -g -O2   conftest.c  >&5
configure:6291: $? = 0
configure:6291: result: yes
configure:6291: checking for fnmatch
configure:6291: gcc -o conftest -g -O2   conftest.c  >&5
configure:6291: $? = 0
configure:6291: result: yes
configure:6291: checking for chdir
configure:6291: gcc -o conftest -g -O2   conftest.c  >&5
configure:6291: $? = 0
configure:6291: result: yes
configure:6291: checking for rmdir
configure:6291: gcc -o conftest -g -O2   conftest.c  >&5
configure:6291: $? = 0
configure:6291: result: yes
configure:6291: checking for unlink
configure:6291: gcc -o conftest -g -O2   conftest.c  >&5
configure:6291: $? = 0
configure:6291: result: yes
configure:6291: checking for lstat
configure:6291: gcc -o conftest -g -O2   conftest.c  >&5
configure:6291: $? = 0
configure:6291: result: yes
configure:6291: checking for system
configure:6291: gcc -o conftest -g -O2   conftest.c  >&5
configure:6291: $? = 0
configure:6291: result: yes
configure:6291: checking for getenv
configure:6291: gcc -o conftest -g -O2   conftest.c  >&5
configure:6291: $? = 0
configure:6291: result: yes
configure:6304: checking for statfs
configure:6304: gcc -o conftest -g -O2   conftest.c  >&5
configure:6304: $? = 0
configure:6304: result: yes
configure:6312: checking for sys/attr.h
configure:6312: gcc -c -g -O2  conftest.c >&5
conftest.c:90:10: fatal error: sys/attr.h: No such file or directory
   90 | #include <sys/attr.h>
      |          ^~~~~~~~~~~~
compilation terminated.
configure:6312: $? = 1
configure: failed program was:
| /* confdefs.h */
| #define PACKAGE_NAME "ncdu"
| #define PACKAGE_TARNAME "ncdu"
| #define PACKAGE_VERSION "1.18"
| #define PACKAGE_STRING "ncdu 1.18"
| #define PACKAGE_BUGREPORT "projects@yorhel.nl"
| #define PACKAGE_URL ""
| #define PACKAGE "ncdu"
| #define VERSION "1.18"
| #define HAVE_STDIO_H 1
| #define HAVE_STDLIB_H 1
| #define HAVE_STRING_H 1
| #define HAVE_INTTYPES_H 1
| #define HAVE_STDINT_H 1
| #define HAVE_STRINGS_H 1
| #define HAVE_SYS_STAT_H 1
| #define HAVE_SYS_TYPES_H 1
| #define HAVE_UNISTD_H 1
| #define HAVE_WCHAR_H 1
| #define STDC_HEADERS 1
| #define _ALL_SOURCE 1
| #define _DARWIN_C_SOURCE 1
| #define _GNU_SOURCE 1
| #define _HPUX_ALT_XOPEN_SOCKET_API 1
| #define _NETBSD_SOURCE 1
| #define _OPENBSD_SOURCE 1
| #define _POSIX_PTHREAD_SEMANTICS 1
| #define __STDC_WANT_IEC_60559_ATTRIBS_EXT__ 1
| #define __STDC_WANT_IEC_60559_BFP_EXT__ 1
| #define __STDC_WANT_IEC_60559_DFP_EXT__ 1
| #define __STDC_WANT_IEC_60559_FUNCS_EXT__ 1
| #define __STDC_WANT_IEC_60559_TYPES_EXT__ 1
| #define __STDC_WANT_LIB_EXT2__ 1
| #define __STDC_WANT_MATH_SPEC_FUNCS__ 1
| #define _TANDEM_SOURCE 1
| #define __EXTENSIONS__ 1
| #define HAVE_LIMITS_H 1
| #define HAVE_SYS_TIME_H 1
| #define HAVE_SYS_TYPES_H 1
| #define HAVE_SYS_STAT_H 1
| #define HAVE_DIRENT_H 1
| #define HAVE_UNISTD_H 1
| #define HAVE_FNMATCH_H 1
| #define HAVE_NCURSES_H 1
| #define HAVE_LOCALE_H 1
| #define HAVE_SYS_STATFS_H 1
| #define HAVE_LINUX_MAGIC_H 1
| #define HAVE_STRUCT_STAT_ST_BLOCKS 1
| #define HAVE_ST_BLOCKS 1
| #define FLEXIBLE_ARRAY_MEMBER /**/
| #define HAVE_GETCWD 1
| #define HAVE_GETTIMEOFDAY 1
| #define HAVE_FNMATCH 1
| #define HAVE_CHDIR 1
| #define HAVE_RMDIR 1
| #define HAVE_UNLINK 1
| #define HAVE_LSTAT 1
| #define HAVE_SYSTEM 1
| #define HAVE_GETENV 1
| #define HAVE_STATFS 1
| /* end confdefs.h.  */
| #include <stddef.h>
| #ifdef HAVE_STDIO_H
| # include <stdio.h>
| #endif
| #ifdef HAVE_STDLIB_H
| # include <stdlib.h>
| #endif
| #ifdef HAVE_STRING_H
| # include <string.h>
| #endif
| #ifdef HAVE_INTTYPES_H
| # include <inttypes.h>
| #endif
| #ifdef HAVE_STDINT_H
| # include <stdint.h>
| #endif
| #ifdef HAVE_STRINGS_H
| # include <strings.h>
| #endif
| #ifdef HAVE_SYS_TYPES_H
| # include <sys/types.h>
| #endif
| #ifdef HAVE_SYS_STAT_H
| # include <sys/stat.h>
| #endif
| #ifdef HAVE_UNISTD_H
| # include <unistd.h>
| #endif
| #include <sys/attr.h>
configure:6312: result: no
configure:6320: checking for getattrlist
configure:6320: gcc -o conftest -g -O2   conftest.c  >&5
/usr/bin/ld: /tmp/cc2TndKJ.o: in function `main':
/home/pippi/ncdu/ncdu-1.18/conftest.c:89: undefined reference to `getattrlist'
collect2: error: ld returned 1 exit status
configure:6320: $? = 1
configure: failed program was:
| /* confdefs.h */
| #define PACKAGE_NAME "ncdu"
| #define PACKAGE_TARNAME "ncdu"
| #define PACKAGE_VERSION "1.18"
| #define PACKAGE_STRING "ncdu 1.18"
| #define PACKAGE_BUGREPORT "projects@yorhel.nl"
| #define PACKAGE_URL ""
| #define PACKAGE "ncdu"
| #define VERSION "1.18"
| #define HAVE_STDIO_H 1
| #define HAVE_STDLIB_H 1
| #define HAVE_STRING_H 1
| #define HAVE_INTTYPES_H 1
| #define HAVE_STDINT_H 1
| #define HAVE_STRINGS_H 1
| #define HAVE_SYS_STAT_H 1
| #define HAVE_SYS_TYPES_H 1
| #define HAVE_UNISTD_H 1
| #define HAVE_WCHAR_H 1
| #define STDC_HEADERS 1
| #define _ALL_SOURCE 1
| #define _DARWIN_C_SOURCE 1
| #define _GNU_SOURCE 1
| #define _HPUX_ALT_XOPEN_SOCKET_API 1
| #define _NETBSD_SOURCE 1
| #define _OPENBSD_SOURCE 1
| #define _POSIX_PTHREAD_SEMANTICS 1
| #define __STDC_WANT_IEC_60559_ATTRIBS_EXT__ 1
| #define __STDC_WANT_IEC_60559_BFP_EXT__ 1
| #define __STDC_WANT_IEC_60559_DFP_EXT__ 1
| #define __STDC_WANT_IEC_60559_FUNCS_EXT__ 1
| #define __STDC_WANT_IEC_60559_TYPES_EXT__ 1
| #define __STDC_WANT_LIB_EXT2__ 1
| #define __STDC_WANT_MATH_SPEC_FUNCS__ 1
| #define _TANDEM_SOURCE 1
| #define __EXTENSIONS__ 1
| #define HAVE_LIMITS_H 1
| #define HAVE_SYS_TIME_H 1
| #define HAVE_SYS_TYPES_H 1
| #define HAVE_SYS_STAT_H 1
| #define HAVE_DIRENT_H 1
| #define HAVE_UNISTD_H 1
| #define HAVE_FNMATCH_H 1
| #define HAVE_NCURSES_H 1
| #define HAVE_LOCALE_H 1
| #define HAVE_SYS_STATFS_H 1
| #define HAVE_LINUX_MAGIC_H 1
| #define HAVE_STRUCT_STAT_ST_BLOCKS 1
| #define HAVE_ST_BLOCKS 1
| #define FLEXIBLE_ARRAY_MEMBER /**/
| #define HAVE_GETCWD 1
| #define HAVE_GETTIMEOFDAY 1
| #define HAVE_FNMATCH 1
| #define HAVE_CHDIR 1
| #define HAVE_RMDIR 1
| #define HAVE_UNLINK 1
| #define HAVE_LSTAT 1
| #define HAVE_SYSTEM 1
| #define HAVE_GETENV 1
| #define HAVE_STATFS 1
| /* end confdefs.h.  */
| /* Define getattrlist to an innocuous variant, in case <limits.h> declares getattrlist.
|    For example, HP-UX 11i <limits.h> declares gettimeofday.  */
| #define getattrlist innocuous_getattrlist
| 
| /* System header to define __stub macros and hopefully few prototypes,
|    which can conflict with char getattrlist (void); below.  */
| 
| #include <limits.h>
| #undef getattrlist
| 
| /* Override any GCC internal prototype to avoid an error.
|    Use char because int might match the return type of a GCC
|    builtin and then its argument prototype would still apply.  */
| #ifdef __cplusplus
| extern "C"
| #endif
| char getattrlist (void);
| /* The GNU C library defines this for functions which it implements
|     to always fail with ENOSYS.  Some functions are actually named
|     something starting with __ and the normal name is an alias.  */
| #if defined __stub_getattrlist || defined __stub___getattrlist
| choke me
| #endif
| 
| int
| main (void)
| {
| return getattrlist ();
|   ;
|   return 0;
| }
configure:6320: result: no
configure:6328: checking for gcc options needed to detect all undeclared functions
configure:6350: gcc -c -g -O2   conftest.c >&5
conftest.c: In function 'main':
conftest.c:66:8: error: 'strchr' undeclared (first use in this function)
   66 | (void) strchr;
      |        ^~~~~~
conftest.c:1:1: note: 'strchr' is defined in header '<string.h>'; did you forget to '#include <string.h>'?
    1 | /* confdefs.h */
conftest.c:66:8: note: each undeclared identifier is reported only once for each function it appears in
   66 | (void) strchr;
      |        ^~~~~~
configure:6350: $? = 1
configure: failed program was:
| /* confdefs.h */
| #define PACKAGE_NAME "ncdu"
| #define PACKAGE_TARNAME "ncdu"
| #define PACKAGE_VERSION "1.18"
| #define PACKAGE_STRING "ncdu 1.18"
| #define PACKAGE_BUGREPORT "projects@yorhel.nl"
| #define PACKAGE_URL ""
| #define PACKAGE "ncdu"
| #define VERSION "1.18"
| #define HAVE_STDIO_H 1
| #define HAVE_STDLIB_H 1
| #define HAVE_STRING_H 1
| #define HAVE_INTTYPES_H 1
| #define HAVE_STDINT_H 1
| #define HAVE_STRINGS_H 1
| #define HAVE_SYS_STAT_H 1
| #define HAVE_SYS_TYPES_H 1
| #define HAVE_UNISTD_H 1
| #define HAVE_WCHAR_H 1
| #define STDC_HEADERS 1
| #define _ALL_SOURCE 1
| #define _DARWIN_C_SOURCE 1
| #define _GNU_SOURCE 1
| #define _HPUX_ALT_XOPEN_SOCKET_API 1
| #define _NETBSD_SOURCE 1
| #define _OPENBSD_SOURCE 1
| #define _POSIX_PTHREAD_SEMANTICS 1
| #define __STDC_WANT_IEC_60559_ATTRIBS_EXT__ 1
| #define __STDC_WANT_IEC_60559_BFP_EXT__ 1
| #define __STDC_WANT_IEC_60559_DFP_EXT__ 1
| #define __STDC_WANT_IEC_60559_FUNCS_EXT__ 1
| #define __STDC_WANT_IEC_60559_TYPES_EXT__ 1
| #define __STDC_WANT_LIB_EXT2__ 1
| #define __STDC_WANT_MATH_SPEC_FUNCS__ 1
| #define _TANDEM_SOURCE 1
| #define __EXTENSIONS__ 1
| #define HAVE_LIMITS_H 1
| #define HAVE_SYS_TIME_H 1
| #define HAVE_SYS_TYPES_H 1
| #define HAVE_SYS_STAT_H 1
| #define HAVE_DIRENT_H 1
| #define HAVE_UNISTD_H 1
| #define HAVE_FNMATCH_H 1
| #define HAVE_NCURSES_H 1
| #define HAVE_LOCALE_H 1
| #define HAVE_SYS_STATFS_H 1
| #define HAVE_LINUX_MAGIC_H 1
| #define HAVE_STRUCT_STAT_ST_BLOCKS 1
| #define HAVE_ST_BLOCKS 1
| #define FLEXIBLE_ARRAY_MEMBER /**/
| #define HAVE_GETCWD 1
| #define HAVE_GETTIMEOFDAY 1
| #define HAVE_FNMATCH 1
| #define HAVE_CHDIR 1
| #define HAVE_RMDIR 1
| #define HAVE_UNLINK 1
| #define HAVE_LSTAT 1
| #define HAVE_SYSTEM 1
| #define HAVE_GETENV 1
| #define HAVE_STATFS 1
| /* end confdefs.h.  */
| 
| int
| main (void)
| {
| (void) strchr;
|   ;
|   return 0;
| }
configure:6377: gcc -c -g -O2   conftest.c >&5
configure:6377: $? = 0
configure:6394: result: none needed
configure:6408: checking whether ATTR_CMNEXT_NOFIRMLINKPATH is declared
configure:6408: gcc -c -g -O2   conftest.c >&5
conftest.c:62:10: fatal error: sys/attr.h: No such file or directory
   62 | #include <sys/attr.h>
      |          ^~~~~~~~~~~~
compilation terminated.
configure:6408: $? = 1
configure: failed program was:
| /* confdefs.h */
| #define PACKAGE_NAME "ncdu"
| #define PACKAGE_TARNAME "ncdu"
| #define PACKAGE_VERSION "1.18"
| #define PACKAGE_STRING "ncdu 1.18"
| #define PACKAGE_BUGREPORT "projects@yorhel.nl"
| #define PACKAGE_URL ""
| #define PACKAGE "ncdu"
| #define VERSION "1.18"
| #define HAVE_STDIO_H 1
| #define HAVE_STDLIB_H 1
| #define HAVE_STRING_H 1
| #define HAVE_INTTYPES_H 1
| #define HAVE_STDINT_H 1
| #define HAVE_STRINGS_H 1
| #define HAVE_SYS_STAT_H 1
| #define HAVE_SYS_TYPES_H 1
| #define HAVE_UNISTD_H 1
| #define HAVE_WCHAR_H 1
| #define STDC_HEADERS 1
| #define _ALL_SOURCE 1
| #define _DARWIN_C_SOURCE 1
| #define _GNU_SOURCE 1
| #define _HPUX_ALT_XOPEN_SOCKET_API 1
| #define _NETBSD_SOURCE 1
| #define _OPENBSD_SOURCE 1
| #define _POSIX_PTHREAD_SEMANTICS 1
| #define __STDC_WANT_IEC_60559_ATTRIBS_EXT__ 1
| #define __STDC_WANT_IEC_60559_BFP_EXT__ 1
| #define __STDC_WANT_IEC_60559_DFP_EXT__ 1
| #define __STDC_WANT_IEC_60559_FUNCS_EXT__ 1
| #define __STDC_WANT_IEC_60559_TYPES_EXT__ 1
| #define __STDC_WANT_LIB_EXT2__ 1
| #define __STDC_WANT_MATH_SPEC_FUNCS__ 1
| #define _TANDEM_SOURCE 1
| #define __EXTENSIONS__ 1
| #define HAVE_LIMITS_H 1
| #define HAVE_SYS_TIME_H 1
| #define HAVE_SYS_TYPES_H 1
| #define HAVE_SYS_STAT_H 1
| #define HAVE_DIRENT_H 1
| #define HAVE_UNISTD_H 1
| #define HAVE_FNMATCH_H 1
| #define HAVE_NCURSES_H 1
| #define HAVE_LOCALE_H 1
| #define HAVE_SYS_STATFS_H 1
| #define HAVE_LINUX_MAGIC_H 1
| #define HAVE_STRUCT_STAT_ST_BLOCKS 1
| #define HAVE_ST_BLOCKS 1
| #define FLEXIBLE_ARRAY_MEMBER /**/
| #define HAVE_GETCWD 1
| #define HAVE_GETTIMEOFDAY 1
| #define HAVE_FNMATCH 1
| #define HAVE_CHDIR 1
| #define HAVE_RMDIR 1
| #define HAVE_UNLINK 1
| #define HAVE_LSTAT 1
| #define HAVE_SYSTEM 1
| #define HAVE_GETENV 1
| #define HAVE_STATFS 1
| /* end confdefs.h.  */
| #include <sys/attr.h>
| 
| int
| main (void)
| {
| #ifndef ATTR_CMNEXT_NOFIRMLINKPATH
| #ifdef __cplusplus
|   (void) ATTR_CMNEXT_NOFIRMLINKPATH;
| #else
|   (void) ATTR_CMNEXT_NOFIRMLINKPATH;
| #endif
| #endif
| 
|   ;
|   return 0;
| }
configure:6408: result: no
configure:6438: checking for NCURSES
configure:6445: $PKG_CONFIG --exists --print-errors "ncursesw"
configure:6448: $? = 0
configure:6462: $PKG_CONFIG --exists --print-errors "ncursesw"
configure:6465: $? = 0
configure:6599: result: yes
configure:6784: Using /bin/sh as the default shell if $SHELL is not set
configure:6894: checking that generated files are newer than configure
configure:6900: result: done
configure:6927: creating ./config.status

## ---------------------- ##
## Running config.status. ##
## ---------------------- ##

This file was extended by ncdu config.status 1.18, which was
generated by GNU Autoconf 2.71.  Invocation command line was

  CONFIG_FILES    = 
  CONFIG_HEADERS  = 
  CONFIG_LINKS    = 
  CONFIG_COMMANDS = 
  $ ./config.status 

on christiangrey

config.status:895: creating Makefile
config.status:895: creating config.h
config.status:1124: executing depfiles commands
config.status:1201: cd .       && sed -e '/# am--include-marker/d' Makefile         | make -f - am--depfiles
config.status:1206: $? = 0

## ---------------- ##
## Cache variables. ##
## ---------------- ##

ac_cv_c_compiler_gnu=yes
ac_cv_c_flexmember=yes
ac_cv_c_inline=inline
ac_cv_c_int64_t=yes
ac_cv_c_uint64_t=yes
ac_cv_c_undeclared_builtin_options='none needed'
ac_cv_env_CC_set=
ac_cv_env_CC_value=
ac_cv_env_CFLAGS_set=
ac_cv_env_CFLAGS_value=
ac_cv_env_CPPFLAGS_set=
ac_cv_env_CPPFLAGS_value=
ac_cv_env_LDFLAGS_set=
ac_cv_env_LDFLAGS_value=
ac_cv_env_LIBS_set=
ac_cv_env_LIBS_value=
ac_cv_env_NCURSES_CFLAGS_set=
ac_cv_env_NCURSES_CFLAGS_value=
ac_cv_env_NCURSES_LIBS_set=
ac_cv_env_NCURSES_LIBS_value=
ac_cv_env_PKG_CONFIG_LIBDIR_set=
ac_cv_env_PKG_CONFIG_LIBDIR_value=
ac_cv_env_PKG_CONFIG_PATH_set=
ac_cv_env_PKG_CONFIG_PATH_value=
ac_cv_env_PKG_CONFIG_set=
ac_cv_env_PKG_CONFIG_value=
ac_cv_env_build_alias_set=
ac_cv_env_build_alias_value=
ac_cv_env_host_alias_set=
ac_cv_env_host_alias_value=
ac_cv_env_target_alias_set=
ac_cv_env_target_alias_value=
ac_cv_func_chdir=yes
ac_cv_func_fnmatch=yes
ac_cv_func_getattrlist=no
ac_cv_func_getcwd=yes
ac_cv_func_getenv=yes
ac_cv_func_gettimeofday=yes
ac_cv_func_lstat=yes
ac_cv_func_rmdir=yes
ac_cv_func_statfs=yes
ac_cv_func_system=yes
ac_cv_func_unlink=yes
ac_cv_have_decl_ATTR_CMNEXT_NOFIRMLINKPATH=no
ac_cv_header_dirent_h=yes
ac_cv_header_fnmatch_h=yes
ac_cv_header_inttypes_h=yes
ac_cv_header_limits_h=yes
ac_cv_header_linux_magic_h=yes
ac_cv_header_locale_h=yes
ac_cv_header_minix_config_h=no
ac_cv_header_ncurses_h=yes
ac_cv_header_stdint_h=yes
ac_cv_header_stdio_h=yes
ac_cv_header_stdlib_h=yes
ac_cv_header_string_h=yes
ac_cv_header_strings_h=yes
ac_cv_header_sys_attr_h=no
ac_cv_header_sys_stat_h=yes
ac_cv_header_sys_statfs_h=yes
ac_cv_header_sys_time_h=yes
ac_cv_header_sys_types_h=yes
ac_cv_header_unistd_h=yes
ac_cv_header_wchar_h=yes
ac_cv_member_struct_stat_st_blocks=yes
ac_cv_objext=o
ac_cv_path_ac_pt_PKG_CONFIG=/usr/bin/pkg-config
ac_cv_path_install='/usr/bin/install -c'
ac_cv_path_mkdir=/usr/bin/mkdir
ac_cv_prog_AWK=gawk
ac_cv_prog_ac_ct_CC=gcc
ac_cv_prog_ac_ct_RANLIB=ranlib
ac_cv_prog_cc_c11=
ac_cv_prog_cc_g=yes
ac_cv_prog_cc_stdc=
ac_cv_prog_make_make_set=yes
ac_cv_safe_to_define___extensions__=yes
ac_cv_should_define__xopen_source=no
ac_cv_sys_file_offset_bits=no
ac_cv_sys_largefile_CC=no
am_cv_CC_dependencies_compiler_type=gcc3
am_cv_make_support_nested_variables=yes
am_cv_prog_cc_c_o=yes
pkg_cv_NCURSES_CFLAGS='-D_DEFAULT_SOURCE -D_XOPEN_SOURCE=600 '
pkg_cv_NCURSES_LIBS='-lncursesw -ltinfo '

## ----------------- ##
## Output variables. ##
## ----------------- ##

ACLOCAL='${SHELL} '\''/home/pippi/ncdu/ncdu-1.18/missing'\'' aclocal-1.16'
AMDEPBACKSLASH='\'
AMDEP_FALSE='#'
AMDEP_TRUE=''
AMTAR='$${TAR-tar}'
AM_BACKSLASH='\'
AM_DEFAULT_V='$(AM_DEFAULT_VERBOSITY)'
AM_DEFAULT_VERBOSITY='1'
AM_V='$(V)'
AUTOCONF='${SHELL} '\''/home/pippi/ncdu/ncdu-1.18/missing'\'' autoconf'
AUTOHEADER='${SHELL} '\''/home/pippi/ncdu/ncdu-1.18/missing'\'' autoheader'
AUTOMAKE='${SHELL} '\''/home/pippi/ncdu/ncdu-1.18/missing'\'' automake-1.16'
AWK='gawk'
CC='gcc'
CCDEPMODE='depmode=gcc3'
CFLAGS='-g -O2'
CPPFLAGS=''
CSCOPE='cscope'
CTAGS='ctags'
CYGPATH_W='echo'
DEFS='-DHAVE_CONFIG_H'
DEPDIR='.deps'
ECHO_C=''
ECHO_N='-n'
ECHO_T=''
ETAGS='etags'
EXEEXT=''
INSTALL_DATA='${INSTALL} -m 644'
INSTALL_PROGRAM='${INSTALL}'
INSTALL_SCRIPT='${INSTALL}'
INSTALL_STRIP_PROGRAM='$(install_sh) -c -s'
LDFLAGS=''
LIBOBJS=''
LIBS=' -lncursesw -ltinfo '
LTLIBOBJS=''
MAKEINFO='${SHELL} '\''/home/pippi/ncdu/ncdu-1.18/missing'\'' makeinfo'
MKDIR_P='/usr/bin/mkdir -p'
NCURSES_CFLAGS='-D_DEFAULT_SOURCE -D_XOPEN_SOURCE=600 '
NCURSES_LIBS='-lncursesw -ltinfo '
OBJEXT='o'
PACKAGE='ncdu'
PACKAGE_BUGREPORT='projects@yorhel.nl'
PACKAGE_NAME='ncdu'
PACKAGE_STRING='ncdu 1.18'
PACKAGE_TARNAME='ncdu'
PACKAGE_URL=''
PACKAGE_VERSION='1.18'
PATH_SEPARATOR=':'
PKG_CONFIG='/usr/bin/pkg-config'
PKG_CONFIG_LIBDIR=''
PKG_CONFIG_PATH=''
RANLIB='ranlib'
SET_MAKE=''
SHELL='/bin/bash'
STRIP=''
VERSION='1.18'
ac_ct_CC='gcc'
am__EXEEXT_FALSE=''
am__EXEEXT_TRUE='#'
am__fastdepCC_FALSE='#'
am__fastdepCC_TRUE=''
am__include='include'
am__isrc=''
am__leading_dot='.'
am__nodep='_no'
am__quote=''
am__tar='$${TAR-tar} chof - "$$tardir"'
am__untar='$${TAR-tar} xf -'
bindir='${exec_prefix}/bin'
build_alias=''
datadir='${datarootdir}'
datarootdir='${prefix}/share'
docdir='${datarootdir}/doc/${PACKAGE_TARNAME}'
dvidir='${docdir}'
exec_prefix='${prefix}'
host_alias=''
htmldir='${docdir}'
includedir='${prefix}/include'
infodir='${datarootdir}/info'
install_sh='${SHELL} /home/pippi/ncdu/ncdu-1.18/install-sh'
libdir='${exec_prefix}/lib'
libexecdir='${exec_prefix}/libexec'
localedir='${datarootdir}/locale'
localstatedir='${prefix}/var'
mandir='${datarootdir}/man'
mkdir_p='$(MKDIR_P)'
oldincludedir='/usr/include'
pdfdir='${docdir}'
prefix='/usr/local'
program_transform_name='s,x,x,'
psdir='${docdir}'
runstatedir='${localstatedir}/run'
sbindir='${exec_prefix}/sbin'
sharedstatedir='${prefix}/com'
sysconfdir='${prefix}/etc'
target_alias=''

## ----------- ##
## confdefs.h. ##
## ----------- ##

/* confdefs.h */
#define PACKAGE_NAME "ncdu"
#define PACKAGE_TARNAME "ncdu"
#define PACKAGE_VERSION "1.18"
#define PACKAGE_STRING "ncdu 1.18"
#define PACKAGE_BUGREPORT "projects@yorhel.nl"
#define PACKAGE_URL ""
#define PACKAGE "ncdu"
#define VERSION "1.18"
#define HAVE_STDIO_H 1
#define HAVE_STDLIB_H 1
#define HAVE_STRING_H 1
#define HAVE_INTTYPES_H 1
#define HAVE_STDINT_H 1
#define HAVE_STRINGS_H 1
#define HAVE_SYS_STAT_H 1
#define HAVE_SYS_TYPES_H 1
#define HAVE_UNISTD_H 1
#define HAVE_WCHAR_H 1
#define STDC_HEADERS 1
#define _ALL_SOURCE 1
#define _DARWIN_C_SOURCE 1
#define _GNU_SOURCE 1
#define _HPUX_ALT_XOPEN_SOCKET_API 1
#define _NETBSD_SOURCE 1
#define _OPENBSD_SOURCE 1
#define _POSIX_PTHREAD_SEMANTICS 1
#define __STDC_WANT_IEC_60559_ATTRIBS_EXT__ 1
#define __STDC_WANT_IEC_60559_BFP_EXT__ 1
#define __STDC_WANT_IEC_60559_DFP_EXT__ 1
#define __STDC_WANT_IEC_60559_FUNCS_EXT__ 1
#define __STDC_WANT_IEC_60559_TYPES_EXT__ 1
#define __STDC_WANT_LIB_EXT2__ 1
#define __STDC_WANT_MATH_SPEC_FUNCS__ 1
#define _TANDEM_SOURCE 1
#define __EXTENSIONS__ 1
#define HAVE_LIMITS_H 1
#define HAVE_SYS_TIME_H 1
#define HAVE_SYS_TYPES_H 1
#define HAVE_SYS_STAT_H 1
#define HAVE_DIRENT_H 1
#define HAVE_UNISTD_H 1
#define HAVE_FNMATCH_H 1
#define HAVE_NCURSES_H 1
#define HAVE_LOCALE_H 1
#define HAVE_SYS_STATFS_H 1
#define HAVE_LINUX_MAGIC_H 1
#define HAVE_STRUCT_STAT_ST_BLOCKS 1
#define HAVE_ST_BLOCKS 1
#define FLEXIBLE_ARRAY_MEMBER /**/
#define HAVE_GETCWD 1
#define HAVE_GETTIMEOFDAY 1
#define HAVE_FNMATCH 1
#define HAVE_CHDIR 1
#define HAVE_RMDIR 1
#define HAVE_UNLINK 1
#define HAVE_LSTAT 1
#define HAVE_SYSTEM 1
#define HAVE_GETENV 1
#define HAVE_STATFS 1
#define HAVE_DECL_ATTR_CMNEXT_NOFIRMLINKPATH 0
#define DEFAULT_SHELL "/bin/sh"

configure: exit 0
